\BOOKMARK [0][]{chapter.1}{\376\377\173\054\116\000\172\340\000\040\167\351\226\065\116\113\122\115}{}% 1
\BOOKMARK [1][]{section.1.1}{\376\377\0001\000.\0001\000\040\117\134\116\032\211\343\173\124}{chapter.1}% 2
\BOOKMARK [2][]{subsection.1.1.1}{\376\377\0001\000.\0001\000.\0001\000\040\124\150\116\214}{section.1.1}% 3
\BOOKMARK [1][]{section.1.2}{\376\377\0001\000.\0002\000\040\000O\000n\000e\000\040\000M\000o\000r\000e\000\040\000T\000h\000i\000n\000g}{chapter.1}% 4
\BOOKMARK [2][]{subsection.1.2.1}{\376\377\0001\000.\0002\000.\0001\000\040\145\160\116\016\145\160\127\337}{section.1.2}% 5
\BOOKMARK [3][]{subsubsection.1.2.1.1}{\376\377\0001\000.\0002\000.\0001\000.\0001\000\040\131\015\145\160\116\016\123\125\117\115\150\071}{subsection.1.2.1}% 6
\BOOKMARK [3][]{subsubsection.1.2.1.2}{\376\377\0001\000.\0002\000.\0001\000.\0002\000\040\145\160\163\257\060\001\145\160\127\337}{subsection.1.2.1}% 7
\BOOKMARK [2][]{subsection.1.2.2}{\376\377\0001\000.\0002\000.\0002\000\040\147\102\230\171}{section.1.2}% 8
\BOOKMARK [3][]{subsubsection.1.2.2.1}{\376\377\0001\000.\0002\000.\0002\000.\0001\000\040\154\102\124\214\173\046\123\367\176\303\116\140}{subsection.1.2.2}% 9
\BOOKMARK [3][]{subsubsection.1.2.2.2}{\376\377\0001\000.\0002\000.\0002\000.\0002\000\040\176\304\124\010\140\122\173\111\137\017}{subsection.1.2.2}% 10
\BOOKMARK [0][]{chapter.2}{\376\377\173\054\116\214\172\340\000\040\210\114\122\027\137\017}{}% 11
\BOOKMARK [1][]{section.2.1}{\376\377\0002\000.\0001\000\040\117\134\116\032\211\343\173\124}{chapter.2}% 12
\BOOKMARK [1][]{section.2.2}{\376\377\0002\000.\0002\000\040\146\364\131\032\060\001\146\364\131\032\166\204\210\114\122\027\137\017}{chapter.2}% 13
\BOOKMARK [2][]{subsection.2.2.1}{\376\377\0002\000.\0002\000.\0001\000\040\210\114\122\027\137\017\166\204\133\232\116\111}{section.2.2}% 14
\BOOKMARK [2][]{subsection.2.2.2}{\376\377\0002\000.\0002\000.\0002\000\040\210\114\122\027\137\017\213\241\173\227\176\303\116\140}{section.2.2}% 15
\BOOKMARK [3][]{subsubsection.2.2.2.1}{\376\377\0002\000.\0002\000.\0002\000.\0001\000\040\133\232\116\111\154\325\000/\226\115\226\066\154\325\000/\123\026\116\072\116\012\116\011\211\322}{subsection.2.2.2}% 16
\BOOKMARK [3][]{subsubsection.2.2.2.2}{\376\377\0002\000.\0002\000.\0002\000.\0002\000\040\122\240\217\271}{subsection.2.2.2}% 17
\BOOKMARK [3][]{subsubsection.2.2.2.3}{\376\377\0002\000.\0002\000.\0002\000.\0003\000\040\220\020\210\114\000/\122\027\122\240\121\317}{subsection.2.2.2}% 18
\BOOKMARK [3][]{subsubsection.2.2.2.4}{\376\377\0002\000.\0002\000.\0002\000.\0004\000\040\142\306\230\171\116\016\220\022\143\250}{subsection.2.2.2}% 19
\BOOKMARK [3][]{subsubsection.2.2.2.5}{\376\377\0002\000.\0002\000.\0002\000.\0005\000\040\116\130\154\325\122\006\211\343}{subsection.2.2.2}% 20
\BOOKMARK [2][]{subsection.2.2.3}{\376\377\0002\000.\0002\000.\0003\000\040\121\375\145\160\116\016\210\114\122\027\137\017}{section.2.2}% 21
\BOOKMARK [3][]{subsubsection.2.2.3.1}{\376\377\0002\000.\0002\000.\0003\000.\0001\000\040\131\032\230\171\137\017\116\016\210\114\122\027\137\017}{subsection.2.2.3}% 22
\BOOKMARK [3][]{subsubsection.2.2.3.2}{\376\377\0002\000.\0002\000.\0003\000.\0002\000\040\210\114\122\027\137\017\166\204\133\374\145\160\116\016\171\357\122\006}{subsection.2.2.3}% 23
\BOOKMARK [3][]{subsubsection.2.2.3.3}{\376\377\0002\000.\0002\000.\0003\000.\0003\000\040\210\114\122\027\137\017\116\016\000T\000a\000y\000l\000o\000r\121\154\137\017}{subsection.2.2.3}% 24
\BOOKMARK [2][]{subsection.2.2.4}{\376\377\0002\000.\0002\000.\0004\000\040\176\374\124\010\176\303\116\140}{section.2.2}% 25
\BOOKMARK [0][]{chapter.3}{\376\377\173\054\116\011\172\340\000\040\000J\000o\000r\000d\000a\000n\150\007\121\306\127\213}{}% 26
\BOOKMARK [1][]{section.3.1}{\376\377\0003\000.\0001\000\040\131\032\230\171\137\017\167\351\226\065\166\204\166\370\142\265}{chapter.3}% 27
\BOOKMARK [1][]{section.3.2}{\376\377\0003\000.\0002\000\040\000J\000o\000r\000d\000a\000n\150\007\121\306\127\213\166\204\151\202\137\365\116\016\154\102\154\325}{chapter.3}% 28
\BOOKMARK [1][]{section.3.3}{\376\377\0003\000.\0003\000\040\000J\000o\000r\000d\000a\000n\150\007\121\306\127\213\166\204\136\224\165\050}{chapter.3}% 29
